{"C:\\Users\\User\\OneDrive - Etec Centro Paula Souza\\Documentos\\Source\\desafio-djair2113-2024\\-desafio-djair2113-2024-\\-desafio-djair2113-2024-\\StartDB2024\\src\\recintos-zoo.js": {"path":"C:\\Users\\User\\OneDrive - Etec Centro Paula Souza\\Documentos\\Source\\desafio-djair2113-2024\\-desafio-djair2113-2024-\\-desafio-djair2113-2024-\\StartDB2024\\src\\recintos-zoo.js","all":false,"statementMap":{"0":{"start":{"line":1,"column":0},"end":{"line":1,"column":19}},"1":{"start":{"line":2,"column":0},"end":{"line":2,"column":19}},"2":{"start":{"line":3,"column":0},"end":{"line":3,"column":25}},"3":{"start":{"line":4,"column":0},"end":{"line":4,"column":93}},"4":{"start":{"line":5,"column":0},"end":{"line":5,"column":90}},"5":{"start":{"line":6,"column":0},"end":{"line":6,"column":97}},"6":{"start":{"line":7,"column":0},"end":{"line":7,"column":85}},"7":{"start":{"line":8,"column":0},"end":{"line":8,"column":88}},"8":{"start":{"line":9,"column":0},"end":{"line":9,"column":10}},"9":{"start":{"line":10,"column":0},"end":{"line":10,"column":0}},"10":{"start":{"line":11,"column":0},"end":{"line":11,"column":32}},"11":{"start":{"line":12,"column":0},"end":{"line":12,"column":53}},"12":{"start":{"line":13,"column":0},"end":{"line":13,"column":57}},"13":{"start":{"line":14,"column":0},"end":{"line":14,"column":55}},"14":{"start":{"line":15,"column":0},"end":{"line":15,"column":67}},"15":{"start":{"line":16,"column":0},"end":{"line":16,"column":55}},"16":{"start":{"line":17,"column":0},"end":{"line":17,"column":65}},"17":{"start":{"line":18,"column":0},"end":{"line":18,"column":10}},"18":{"start":{"line":19,"column":0},"end":{"line":19,"column":5}},"19":{"start":{"line":20,"column":0},"end":{"line":20,"column":0}},"20":{"start":{"line":21,"column":0},"end":{"line":21,"column":41}},"21":{"start":{"line":22,"column":0},"end":{"line":22,"column":44}},"22":{"start":{"line":23,"column":0},"end":{"line":23,"column":70}},"23":{"start":{"line":24,"column":0},"end":{"line":24,"column":9}},"24":{"start":{"line":25,"column":0},"end":{"line":25,"column":0}},"25":{"start":{"line":26,"column":0},"end":{"line":26,"column":30}},"26":{"start":{"line":27,"column":0},"end":{"line":27,"column":74}},"27":{"start":{"line":28,"column":0},"end":{"line":28,"column":9}},"28":{"start":{"line":29,"column":0},"end":{"line":29,"column":0}},"29":{"start":{"line":30,"column":0},"end":{"line":30,"column":53}},"30":{"start":{"line":31,"column":0},"end":{"line":31,"column":63}},"31":{"start":{"line":32,"column":0},"end":{"line":32,"column":35}},"32":{"start":{"line":33,"column":0},"end":{"line":33,"column":0}},"33":{"start":{"line":34,"column":0},"end":{"line":34,"column":46}},"34":{"start":{"line":35,"column":0},"end":{"line":35,"column":71}},"35":{"start":{"line":36,"column":0},"end":{"line":36,"column":75}},"36":{"start":{"line":37,"column":0},"end":{"line":37,"column":0}},"37":{"start":{"line":38,"column":0},"end":{"line":38,"column":78}},"38":{"start":{"line":39,"column":0},"end":{"line":39,"column":61}},"39":{"start":{"line":40,"column":0},"end":{"line":40,"column":138}},"40":{"start":{"line":41,"column":0},"end":{"line":41,"column":17}},"41":{"start":{"line":42,"column":0},"end":{"line":42,"column":13}},"42":{"start":{"line":43,"column":0},"end":{"line":43,"column":9}},"43":{"start":{"line":44,"column":0},"end":{"line":44,"column":0}},"44":{"start":{"line":45,"column":0},"end":{"line":45,"column":43}},"45":{"start":{"line":46,"column":0},"end":{"line":46,"column":76}},"46":{"start":{"line":47,"column":0},"end":{"line":47,"column":9}},"47":{"start":{"line":48,"column":0},"end":{"line":48,"column":0}},"48":{"start":{"line":49,"column":0},"end":{"line":49,"column":47}},"49":{"start":{"line":50,"column":0},"end":{"line":50,"column":5}},"50":{"start":{"line":51,"column":0},"end":{"line":51,"column":0}},"51":{"start":{"line":52,"column":0},"end":{"line":52,"column":37}},"52":{"start":{"line":53,"column":0},"end":{"line":53,"column":60}},"53":{"start":{"line":54,"column":0},"end":{"line":54,"column":0}},"54":{"start":{"line":55,"column":0},"end":{"line":55,"column":71}},"55":{"start":{"line":56,"column":0},"end":{"line":56,"column":67}},"56":{"start":{"line":57,"column":0},"end":{"line":57,"column":115}},"57":{"start":{"line":58,"column":0},"end":{"line":58,"column":0}},"58":{"start":{"line":59,"column":0},"end":{"line":59,"column":33}},"59":{"start":{"line":60,"column":0},"end":{"line":60,"column":20}},"60":{"start":{"line":61,"column":0},"end":{"line":61,"column":22}},"61":{"start":{"line":62,"column":0},"end":{"line":62,"column":22}},"62":{"start":{"line":63,"column":0},"end":{"line":63,"column":10}},"63":{"start":{"line":64,"column":0},"end":{"line":64,"column":0}},"64":{"start":{"line":65,"column":0},"end":{"line":65,"column":78}},"65":{"start":{"line":66,"column":0},"end":{"line":66,"column":5}},"66":{"start":{"line":67,"column":0},"end":{"line":67,"column":1}},"67":{"start":{"line":68,"column":0},"end":{"line":68,"column":0}},"68":{"start":{"line":69,"column":0},"end":{"line":69,"column":38}}},"s":{"0":1,"1":1,"2":5,"3":5,"4":5,"5":5,"6":5,"7":5,"8":5,"9":5,"10":5,"11":5,"12":5,"13":5,"14":5,"15":5,"16":5,"17":5,"18":5,"19":1,"20":1,"21":5,"22":1,"23":1,"24":4,"25":5,"26":1,"27":1,"28":3,"29":3,"30":3,"31":3,"32":3,"33":5,"34":15,"35":15,"36":15,"37":15,"38":10,"39":7,"40":7,"41":10,"42":15,"43":3,"44":5,"45":0,"46":0,"47":3,"48":3,"49":3,"50":1,"51":1,"52":15,"53":9,"54":9,"55":9,"56":9,"57":9,"58":9,"59":9,"60":9,"61":9,"62":9,"63":9,"64":15,"65":15,"66":1,"67":1,"68":1},"branchMap":{"0":{"type":"branch","line":2,"loc":{"start":{"line":2,"column":4},"end":{"line":19,"column":5}},"locations":[{"start":{"line":2,"column":4},"end":{"line":19,"column":5}}]},"1":{"type":"branch","line":21,"loc":{"start":{"line":21,"column":4},"end":{"line":50,"column":5}},"locations":[{"start":{"line":21,"column":4},"end":{"line":50,"column":5}}]},"2":{"type":"branch","line":22,"loc":{"start":{"line":22,"column":43},"end":{"line":24,"column":9}},"locations":[{"start":{"line":22,"column":43},"end":{"line":24,"column":9}}]},"3":{"type":"branch","line":24,"loc":{"start":{"line":24,"column":8},"end":{"line":26,"column":29}},"locations":[{"start":{"line":24,"column":8},"end":{"line":26,"column":29}}]},"4":{"type":"branch","line":26,"loc":{"start":{"line":26,"column":29},"end":{"line":28,"column":9}},"locations":[{"start":{"line":26,"column":29},"end":{"line":28,"column":9}}]},"5":{"type":"branch","line":28,"loc":{"start":{"line":28,"column":8},"end":{"line":34,"column":45}},"locations":[{"start":{"line":28,"column":8},"end":{"line":34,"column":45}}]},"6":{"type":"branch","line":34,"loc":{"start":{"line":34,"column":45},"end":{"line":43,"column":9}},"locations":[{"start":{"line":34,"column":45},"end":{"line":43,"column":9}}]},"7":{"type":"branch","line":38,"loc":{"start":{"line":38,"column":77},"end":{"line":42,"column":13}},"locations":[{"start":{"line":38,"column":77},"end":{"line":42,"column":13}}]},"8":{"type":"branch","line":39,"loc":{"start":{"line":39,"column":60},"end":{"line":41,"column":17}},"locations":[{"start":{"line":39,"column":60},"end":{"line":41,"column":17}}]},"9":{"type":"branch","line":43,"loc":{"start":{"line":43,"column":8},"end":{"line":45,"column":42}},"locations":[{"start":{"line":43,"column":8},"end":{"line":45,"column":42}}]},"10":{"type":"branch","line":45,"loc":{"start":{"line":45,"column":42},"end":{"line":47,"column":9}},"locations":[{"start":{"line":45,"column":42},"end":{"line":47,"column":9}}]},"11":{"type":"branch","line":47,"loc":{"start":{"line":47,"column":8},"end":{"line":50,"column":5}},"locations":[{"start":{"line":47,"column":8},"end":{"line":50,"column":5}}]},"12":{"type":"branch","line":38,"loc":{"start":{"line":38,"column":36},"end":{"line":38,"column":74}},"locations":[{"start":{"line":38,"column":36},"end":{"line":38,"column":74}}]},"13":{"type":"branch","line":52,"loc":{"start":{"line":52,"column":4},"end":{"line":66,"column":5}},"locations":[{"start":{"line":52,"column":4},"end":{"line":66,"column":5}}]},"14":{"type":"branch","line":53,"loc":{"start":{"line":53,"column":51},"end":{"line":53,"column":60}},"locations":[{"start":{"line":53,"column":51},"end":{"line":53,"column":60}}]},"15":{"type":"branch","line":53,"loc":{"start":{"line":53,"column":59},"end":{"line":65,"column":53}},"locations":[{"start":{"line":53,"column":59},"end":{"line":65,"column":53}}]},"16":{"type":"branch","line":65,"loc":{"start":{"line":65,"column":49},"end":{"line":65,"column":54}},"locations":[{"start":{"line":65,"column":49},"end":{"line":65,"column":54}}]}},"b":{"0":[5],"1":[5],"2":[1],"3":[4],"4":[1],"5":[3],"6":[15],"7":[10],"8":[7],"9":[3],"10":[0],"11":[3],"12":[19],"13":[15],"14":[6],"15":[9],"16":[6]},"fnMap":{"0":{"name":"RecintosZoo","decl":{"start":{"line":2,"column":4},"end":{"line":19,"column":5}},"loc":{"start":{"line":2,"column":4},"end":{"line":19,"column":5}},"line":2},"1":{"name":"analisaRecintos","decl":{"start":{"line":21,"column":4},"end":{"line":50,"column":5}},"loc":{"start":{"line":21,"column":4},"end":{"line":50,"column":5}},"line":21},"2":{"name":"verificarEspacoOcupado","decl":{"start":{"line":52,"column":4},"end":{"line":66,"column":5}},"loc":{"start":{"line":52,"column":4},"end":{"line":66,"column":5}},"line":52}},"f":{"0":5,"1":5,"2":15}}
}
