TN:
SF:src\recintos-zoo.js
FN:2,RecintosZoo
FN:21,analisaRecintos
FN:52,verificarEspacoOcupado
FNF:3
FNH:3
FNDA:5,RecintosZoo
FNDA:5,analisaRecintos
FNDA:15,verificarEspacoOcupado
DA:1,1
DA:2,1
DA:3,5
DA:4,5
DA:5,5
DA:6,5
DA:7,5
DA:8,5
DA:9,5
DA:10,5
DA:11,5
DA:12,5
DA:13,5
DA:14,5
DA:15,5
DA:16,5
DA:17,5
DA:18,5
DA:19,5
DA:20,1
DA:21,1
DA:22,5
DA:23,1
DA:24,1
DA:25,4
DA:26,5
DA:27,1
DA:28,1
DA:29,3
DA:30,3
DA:31,3
DA:32,3
DA:33,3
DA:34,5
DA:35,15
DA:36,15
DA:37,15
DA:38,15
DA:39,10
DA:40,7
DA:41,7
DA:42,10
DA:43,15
DA:44,3
DA:45,5
DA:46,0
DA:47,0
DA:48,3
DA:49,3
DA:50,3
DA:51,1
DA:52,1
DA:53,15
DA:54,9
DA:55,9
DA:56,9
DA:57,9
DA:58,9
DA:59,9
DA:60,9
DA:61,9
DA:62,9
DA:63,9
DA:64,9
DA:65,15
DA:66,15
DA:67,1
DA:68,1
DA:69,1
LF:69
LH:67
BRDA:2,0,0,5
BRDA:21,1,0,5
BRDA:22,2,0,1
BRDA:24,3,0,4
BRDA:26,4,0,1
BRDA:28,5,0,3
BRDA:34,6,0,15
BRDA:38,7,0,10
BRDA:39,8,0,7
BRDA:43,9,0,3
BRDA:45,10,0,0
BRDA:47,11,0,3
BRDA:38,12,0,19
BRDA:52,13,0,15
BRDA:53,14,0,6
BRDA:53,15,0,9
BRDA:65,16,0,6
BRF:17
BRH:16
end_of_record
